# JRE version: Java(TM) SE Runtime Environment (8.0_151-b12) (build 1.8.0_151-b12)
# Java VM: Java HotSpot(TM) 64-Bit Server VM (25.151-b12 mixed mode linux-amd64 compressed oops)
Heap:
 PSYoungGen      total 93696K, used 5108K [0x00000000eab00000, 0x00000000f3100000, 0x0000000100000000)
  eden space 88576K, 0% used [0x00000000eab00000,0x00000000eab00000,0x00000000f0180000)
  from space 5120K, 99% used [0x00000000f2700000,0x00000000f2bfd020,0x00000000f2c00000)
  to   space 5120K, 0% used [0x00000000f2c00000,0x00000000f2c00000,0x00000000f3100000)
 ParOldGen       total 72704K, used 19253K [0x00000000c0000000, 0x00000000c4700000, 0x00000000eab00000)
  object space 72704K, 26% used [0x00000000c0000000,0x00000000c12cd458,0x00000000c4700000)
 Metaspace       used 31985K, capacity 32724K, committed 32896K, reserved 1077248K
  class space    used 4347K, capacity 4631K, committed 4736K, reserved 1048576K
GC Heap History (10 events):
Event: 0.519 GC heap after
Heap after GC invocations=1 (full 0):
 PSYoungGen      total 36864K, used 4079K [0x00000000eab00000, 0x00000000ef300000, 0x0000000100000000)
  eden space 31744K, 0% used [0x00000000eab00000,0x00000000eab00000,0x00000000eca00000)
  from space 5120K, 79% used [0x00000000eca00000,0x00000000ecdfbff8,0x00000000ecf00000)
  to   space 5120K, 0% used [0x00000000eee00000,0x00000000eee00000,0x00000000ef300000)
 ParOldGen       total 84992K, used 8K [0x00000000c0000000, 0x00000000c5300000, 0x00000000eab00000)
  object space 84992K, 0% used [0x00000000c0000000,0x00000000c0002000,0x00000000c5300000)
 Metaspace       used 6816K, capacity 7016K, committed 7040K, reserved 1056768K
  class space    used 857K, capacity 892K, committed 896K, reserved 1048576K
}
Event: 1.022 GC heap before
{Heap before GC invocations=2 (full 0):
 PSYoungGen      total 36864K, used 35823K [0x00000000eab00000, 0x00000000ef300000, 0x0000000100000000)
  eden space 31744K, 100% used [0x00000000eab00000,0x00000000eca00000,0x00000000eca00000)
  from space 5120K, 79% used [0x00000000eca00000,0x00000000ecdfbff8,0x00000000ecf00000)
  to   space 5120K, 0% used [0x00000000eee00000,0x00000000eee00000,0x00000000ef300000)
 ParOldGen       total 84992K, used 8K [0x00000000c0000000, 0x00000000c5300000, 0x00000000eab00000)
  object space 84992K, 0% used [0x00000000c0000000,0x00000000c0002000,0x00000000c5300000)
 Metaspace       used 12675K, capacity 12998K, committed 13184K, reserved 1060864K
  class space    used 1711K, capacity 1810K, committed 1920K, reserved 1048576K
Event: 1.030 GC heap after
Heap after GC invocations=2 (full 0):
 PSYoungGen      total 68608K, used 5116K [0x00000000eab00000, 0x00000000ef300000, 0x0000000100000000)
  eden space 63488K, 0% used [0x00000000eab00000,0x00000000eab00000,0x00000000ee900000)
  from space 5120K, 99% used [0x00000000eee00000,0x00000000ef2ff2a0,0x00000000ef300000)
  to   space 5120K, 0% used [0x00000000ee900000,0x00000000ee900000,0x00000000eee00000)
 ParOldGen       total 84992K, used 784K [0x00000000c0000000, 0x00000000c5300000, 0x00000000eab00000)
  object space 84992K, 0% used [0x00000000c0000000,0x00000000c00c4108,0x00000000c5300000)
 Metaspace       used 12675K, capacity 12998K, committed 13184K, reserved 1060864K
  class space    used 1711K, capacity 1810K, committed 1920K, reserved 1048576K
}
Event: 2.186 GC heap before
{Heap before GC invocations=3 (full 0):
 PSYoungGen      total 68608K, used 65664K [0x00000000eab00000, 0x00000000ef300000, 0x0000000100000000)
  eden space 63488K, 95% used [0x00000000eab00000,0x00000000ee620fd8,0x00000000ee900000)
  from space 5120K, 99% used [0x00000000eee00000,0x00000000ef2ff2a0,0x00000000ef300000)
  to   space 5120K, 0% used [0x00000000ee900000,0x00000000ee900000,0x00000000eee00000)
 ParOldGen       total 84992K, used 784K [0x00000000c0000000, 0x00000000c5300000, 0x00000000eab00000)
  object space 84992K, 0% used [0x00000000c0000000,0x00000000c00c4108,0x00000000c5300000)
 Metaspace       used 20740K, capacity 21100K, committed 21248K, reserved 1067008K
  class space    used 2832K, capacity 2986K, committed 3072K, reserved 1048576K
Event: 2.210 GC heap after
Heap after GC invocations=3 (full 0):
 PSYoungGen      total 68608K, used 5109K [0x00000000eab00000, 0x00000000f3100000, 0x0000000100000000)
  eden space 63488K, 0% used [0x00000000eab00000,0x00000000eab00000,0x00000000ee900000)
  from space 5120K, 99% used [0x00000000ee900000,0x00000000eedfd4b8,0x00000000eee00000)
  to   space 5120K, 0% used [0x00000000f2c00000,0x00000000f2c00000,0x00000000f3100000)
 ParOldGen       total 84992K, used 8828K [0x00000000c0000000, 0x00000000c5300000, 0x00000000eab00000)
  object space 84992K, 10% used [0x00000000c0000000,0x00000000c089f0f8,0x00000000c5300000)
 Metaspace       used 20740K, capacity 21100K, committed 21248K, reserved 1067008K
  class space    used 2832K, capacity 2986K, committed 3072K, reserved 1048576K
}
Event: 2.210 GC heap before
{Heap before GC invocations=4 (full 1):
 PSYoungGen      total 68608K, used 5109K [0x00000000eab00000, 0x00000000f3100000, 0x0000000100000000)
  eden space 63488K, 0% used [0x00000000eab00000,0x00000000eab00000,0x00000000ee900000)
  from space 5120K, 99% used [0x00000000ee900000,0x00000000eedfd4b8,0x00000000eee00000)
  to   space 5120K, 0% used [0x00000000f2c00000,0x00000000f2c00000,0x00000000f3100000)
 ParOldGen       total 84992K, used 8828K [0x00000000c0000000, 0x00000000c5300000, 0x00000000eab00000)
  object space 84992K, 10% used [0x00000000c0000000,0x00000000c089f0f8,0x00000000c5300000)
 Metaspace       used 20740K, capacity 21100K, committed 21248K, reserved 1067008K
  class space    used 2832K, capacity 2986K, committed 3072K, reserved 1048576K
Event: 2.265 GC heap after
Heap after GC invocations=4 (full 1):
 PSYoungGen      total 68608K, used 0K [0x00000000eab00000, 0x00000000f3100000, 0x0000000100000000)
  eden space 63488K, 0% used [0x00000000eab00000,0x00000000eab00000,0x00000000ee900000)
  from space 5120K, 0% used [0x00000000ee900000,0x00000000ee900000,0x00000000eee00000)
  to   space 5120K, 0% used [0x00000000f2c00000,0x00000000f2c00000,0x00000000f3100000)
 ParOldGen       total 72704K, used 12740K [0x00000000c0000000, 0x00000000c4700000, 0x00000000eab00000)
  object space 72704K, 17% used [0x00000000c0000000,0x00000000c0c71240,0x00000000c4700000)
 Metaspace       used 20728K, capacity 21088K, committed 21248K, reserved 1067008K
  class space    used 2828K, capacity 2982K, committed 3072K, reserved 1048576K
}
Event: 3.690 GC heap before
{Heap before GC invocations=5 (full 1):
 PSYoungGen      total 68608K, used 63488K [0x00000000eab00000, 0x00000000f3100000, 0x0000000100000000)
  eden space 63488K, 100% used [0x00000000eab00000,0x00000000ee900000,0x00000000ee900000)
  from space 5120K, 0% used [0x00000000ee900000,0x00000000ee900000,0x00000000eee00000)
  to   space 5120K, 0% used [0x00000000f2c00000,0x00000000f2c00000,0x00000000f3100000)
 ParOldGen       total 72704K, used 12740K [0x00000000c0000000, 0x00000000c4700000, 0x00000000eab00000)
  object space 72704K, 17% used [0x00000000c0000000,0x00000000c0c71240,0x00000000c4700000)
 Metaspace       used 26571K, capacity 26986K, committed 27392K, reserved 1073152K
  class space    used 3591K, capacity 3743K, committed 3840K, reserved 1048576K
Event: 3.714 GC heap after
Heap after GC invocations=5 (full 1):
 PSYoungGen      total 93696K, used 5092K [0x00000000eab00000, 0x00000000f3100000, 0x0000000100000000)
  eden space 88576K, 0% used [0x00000000eab00000,0x00000000eab00000,0x00000000f0180000)
  from space 5120K, 99% used [0x00000000f2c00000,0x00000000f30f9198,0x00000000f3100000)
  to   space 5120K, 0% used [0x00000000f2700000,0x00000000f2700000,0x00000000f2c00000)
 ParOldGen       total 72704K, used 13469K [0x00000000c0000000, 0x00000000c4700000, 0x00000000eab00000)
  object space 72704K, 18% used [0x00000000c0000000,0x00000000c0d27770,0x00000000c4700000)
 Metaspace       used 26571K, capacity 26986K, committed 27392K, reserved 1073152K
  class space    used 3591K, capacity 3743K, committed 3840K, reserved 1048576K
}
Event: 6.206 GC heap before
{Heap before GC invocations=6 (full 1):
 PSYoungGen      total 93696K, used 93668K [0x00000000eab00000, 0x00000000f3100000, 0x0000000100000000)
  eden space 88576K, 100% used [0x00000000eab00000,0x00000000f0180000,0x00000000f0180000)
  from space 5120K, 99% used [0x00000000f2c00000,0x00000000f30f9198,0x00000000f3100000)
  to   space 5120K, 0% used [0x00000000f2700000,0x00000000f2700000,0x00000000f2c00000)
 ParOldGen       total 72704K, used 13469K [0x00000000c0000000, 0x00000000c4700000, 0x00000000eab00000)
  object space 72704K, 18% used [0x00000000c0000000,0x00000000c0d27770,0x00000000c4700000)
 Metaspace       used 31985K, capacity 32724K, committed 32896K, reserved 1077248K
  class space    used 4347K, capacity 4631K, committed 4736K, reserved 1048576K

